[2021-02-22T23:01:14.310Z] [[31merror[39m] : Cannot read property 'statusCode' of undefined
[2021-02-22T23:01:14.311Z] [[31merror[39m] : Server is closing now.....
[2021-02-22T23:20:10.336Z] [[31merror[39m] : SERVER_ERROR
[2021-02-22T23:20:10.336Z] [[31merror[39m] : Server is closing now.....
[2021-02-22T23:21:23.757Z] [[31merror[39m] : SERVER_ERROR
[2021-02-22T23:21:23.757Z] [[31merror[39m] : Server is closing now.....
[2021-02-22T23:21:59.783Z] [[31merror[39m] : SERVER_ERROR
[2021-02-22T23:21:59.784Z] [[31merror[39m] : Server is closing now.....
[2021-02-22T23:22:14.770Z] [[31merror[39m] : SERVER_ERROR
[2021-02-22T23:22:14.770Z] [[31merror[39m] : Server is closing now.....
[2021-02-22T23:22:49.821Z] [[31merror[39m] : SERVER_ERROR
[2021-02-22T23:22:49.822Z] [[31merror[39m] : Server is closing now.....
[2021-02-22T23:23:23.903Z] [[31merror[39m] : SERVER_ERROR
[2021-02-22T23:23:23.903Z] [[31merror[39m] : Server is closing now.....
[2021-02-23T22:47:29.100Z] [[31merror[39m] : Cannot read property 'map' of undefined
[2021-02-23T22:47:29.101Z] [[31merror[39m] : Server is closing now.....
[2021-02-23T22:51:59.169Z] [[31merror[39m] : TypeError: Cannot destructure property 'filename' of '(intermediate value)' as it is undefined.
[2021-02-23T22:51:59.169Z] [[31merror[39m] : Server is closing now.....
[2021-02-23T22:51:59.196Z] [[31merror[39m] : path is not defined
[2021-02-23T22:51:59.197Z] [[31merror[39m] : Server is closing now.....
[2021-02-24T00:19:54.640Z] [[31merror[39m] : path is not defined
[2021-02-24T00:19:54.641Z] [[31merror[39m] : Server is closing now.....
[2021-02-24T00:20:51.772Z] [[31merror[39m] : path is not defined
[2021-02-24T00:20:51.774Z] [[31merror[39m] : Server is closing now.....
[2021-02-24T00:23:06.136Z] [[31merror[39m] : path is not defined
[2021-02-24T00:23:06.138Z] [[31merror[39m] : Server is closing now.....
[2021-02-24T00:23:06.149Z] [[31merror[39m] : path is not defined
[2021-02-24T00:23:06.150Z] [[31merror[39m] : Server is closing now.....
[2021-02-24T00:24:17.491Z] [[31merror[39m] : Cannot destructure property 'filename' of '(intermediate value)' as it is undefined.
[2021-02-24T00:24:17.492Z] [[31merror[39m] : Server is closing now.....
[2021-02-24T00:24:17.525Z] [[31merror[39m] : path is not defined
[2021-02-24T00:24:17.526Z] [[31merror[39m] : Server is closing now.....
[2021-02-24T00:24:49.458Z] [[31merror[39m] : Cannot destructure property 'path' of '(intermediate value)' as it is undefined.
[2021-02-24T00:24:49.459Z] [[31merror[39m] : Server is closing now.....
[2021-02-24T00:24:49.460Z] [[31merror[39m] : Cannot destructure property 'path' of '(intermediate value)' as it is undefined.
[2021-02-24T00:24:49.460Z] [[31merror[39m] : Server is closing now.....
[2021-02-24T00:25:09.843Z] [[31merror[39m] : Cannot destructure property 'path' of '(intermediate value)' as it is undefined.
[2021-02-24T00:25:09.844Z] [[31merror[39m] : Server is closing now.....
[2021-02-24T00:25:09.845Z] [[31merror[39m] : Cannot destructure property 'path' of '(intermediate value)' as it is undefined.
[2021-02-24T00:25:09.846Z] [[31merror[39m] : Server is closing now.....
[2021-02-24T00:26:56.085Z] [[31merror[39m] : Cannot read property 'map' of undefined
[2021-02-24T00:26:56.086Z] [[31merror[39m] : Server is closing now.....
[2021-02-24T00:30:13.995Z] [[31merror[39m] : TypeError: Cannot destructure property 'filename' of '(intermediate value)' as it is undefined.
[2021-02-24T00:30:14.003Z] [[31merror[39m] : Server is closing now.....
[2021-02-24T00:30:33.867Z] [[31merror[39m] : key is not defined
[2021-02-24T00:30:33.868Z] [[31merror[39m] : Server is closing now.....
[2021-02-24T00:30:33.870Z] [[31merror[39m] : key is not defined
[2021-02-24T00:30:33.870Z] [[31merror[39m] : Server is closing now.....
[2021-02-24T00:30:56.791Z] [[31merror[39m] : key is not defined
[2021-02-24T00:30:56.792Z] [[31merror[39m] : Server is closing now.....
[2021-02-24T00:30:56.857Z] [[31merror[39m] : key is not defined
[2021-02-24T00:30:56.858Z] [[31merror[39m] : Server is closing now.....
[2021-02-24T00:31:22.442Z] [[31merror[39m] : key is not defined
[2021-02-24T00:31:22.443Z] [[31merror[39m] : Server is closing now.....
[2021-02-24T00:31:22.446Z] [[31merror[39m] : key is not defined
[2021-02-24T00:31:22.446Z] [[31merror[39m] : Server is closing now.....
[2021-02-28T05:35:19.897Z] [[31merror[39m] : Cannot read property 'release' of undefined
[2021-02-28T05:35:19.897Z] [[31merror[39m] : Server is closing now.....
[2021-02-28T05:35:20.460Z] [[31merror[39m] : Cannot read property 'release' of undefined
[2021-02-28T05:35:20.460Z] [[31merror[39m] : Server is closing now.....
[2021-02-28T05:39:48.163Z] [[31merror[39m] : Cannot read property 'release' of undefined
[2021-02-28T05:39:48.164Z] [[31merror[39m] : Server is closing now.....
[2021-02-28T05:41:45.711Z] [[31merror[39m] : undefined
[2021-02-28T05:41:45.712Z] [[31merror[39m] : Server is closing now.....
[2021-02-28T06:20:09.712Z] [[31merror[39m] : Cannot read property 'release' of undefined
[2021-02-28T06:20:09.713Z] [[31merror[39m] : Server is closing now.....
